<?xml version="1.0" encoding="UTF-8"?>
<!-- Generated by org.testng.reporters.JUnitXMLReporter -->
<testsuite hostname="DESKTOP-MVG6NQU" ignored="0" tests="6" failures="2" timestamp="05 may 2019 00:13:29 GMT" time="34.677" errors="0">
  <testcase name="veryFyGooglePAgeTittle" time="3.517" classname="GoogleHomePageTest"/>
  <testcase name="searSeleniumInGoogle" time="4.168" classname="GoogleSearchTest">
    <failure type="org.openqa.selenium.NoSuchElementException" message="Unable to locate element: {&amp;quot;method&amp;quot;:&amp;quot;id&amp;quot;,&amp;quot;selector&amp;quot;:&amp;quot;resultStats&amp;quot;}
Command duration or timeout: 40 milliseconds
For documentation on this error, please visit: http://seleniumhq.org/exceptions/no_such_element.html
Build info: version: &amp;apos;2.45.0&amp;apos;, revision: &amp;apos;5017cb8e7ca8e37638dc3091b2440b90a1d8686f&amp;apos;, time: &amp;apos;2015-02-27 09:10:26&amp;apos;
System info: host: &amp;apos;DESKTOP-MVG6NQU&amp;apos;, ip: &amp;apos;192.168.0.9&amp;apos;, os.name: &amp;apos;Windows 10&amp;apos;, os.arch: &amp;apos;amd64&amp;apos;, os.version: &amp;apos;10.0&amp;apos;, java.version: &amp;apos;1.8.0_211&amp;apos;
Driver info: org.openqa.selenium.firefox.FirefoxDriver
Capabilities [{applicationCacheEnabled=true, rotatable=false, handlesAlerts=true, databaseEnabled=true, version=11.0, platform=WINDOWS, nativeEvents=false, acceptSslCerts=true, webStorageEnabled=true, locationContextEnabled=true, browserName=firefox, takesScreenshot=true, javascriptEnabled=true, cssSelectorsEnabled=true}]
Session ID: 402c8d21-1d1b-48f2-afde-dc6a28455703
*** Element info: {Using=id, value=resultStats}">
      <![CDATA[org.openqa.selenium.NoSuchElementException: Unable to locate element: {"method":"id","selector":"resultStats"}
Command duration or timeout: 40 milliseconds
For documentation on this error, please visit: http://seleniumhq.org/exceptions/no_such_element.html
Build info: version: '2.45.0', revision: '5017cb8e7ca8e37638dc3091b2440b90a1d8686f', time: '2015-02-27 09:10:26'
System info: host: 'DESKTOP-MVG6NQU', ip: '192.168.0.9', os.name: 'Windows 10', os.arch: 'amd64', os.version: '10.0', java.version: '1.8.0_211'
Driver info: org.openqa.selenium.firefox.FirefoxDriver
Capabilities [{applicationCacheEnabled=true, rotatable=false, handlesAlerts=true, databaseEnabled=true, version=11.0, platform=WINDOWS, nativeEvents=false, acceptSslCerts=true, webStorageEnabled=true, locationContextEnabled=true, browserName=firefox, takesScreenshot=true, javascriptEnabled=true, cssSelectorsEnabled=true}]
Session ID: 402c8d21-1d1b-48f2-afde-dc6a28455703
*** Element info: {Using=id, value=resultStats}
at org.openqa.selenium.remote.ErrorHandler.createThrowable(ErrorHandler.java:204)
at org.openqa.selenium.remote.ErrorHandler.throwIfResponseFailed(ErrorHandler.java:156)
at org.openqa.selenium.remote.RemoteWebDriver.execute(RemoteWebDriver.java:599)
at org.openqa.selenium.remote.RemoteWebDriver.findElement(RemoteWebDriver.java:352)
at org.openqa.selenium.remote.RemoteWebDriver.findElementById(RemoteWebDriver.java:393)
at org.openqa.selenium.By$ById.findElement(By.java:214)
at org.openqa.selenium.remote.RemoteWebDriver.findElement(RemoteWebDriver.java:344)
at GoogleSearchTest.searSeleniumInGoogle(GoogleSearchTest.java:38)
Caused by: org.openqa.selenium.NoSuchElementException: Unable to locate element: {"method":"id","selector":"resultStats"}
For documentation on this error, please visit: http://seleniumhq.org/exceptions/no_such_element.html
Build info: version: '2.45.0', revision: '5017cb8e7ca8e37638dc3091b2440b90a1d8686f', time: '2015-02-27 09:10:26'
System info: host: 'DESKTOP-MVG6NQU', ip: '192.168.0.9', os.name: 'Windows 10', os.arch: 'amd64', os.version: '10.0', java.version: '1.8.0_211'
Driver info: driver.version: unknown
at <anonymous class>.<anonymous method>(file:///C:/Users/pablo/AppData/Local/Temp/anonymous6463143395882655298webdriver-profile/extensions/fxdriver@googlecode.com/components/driver-component.js:10271)
at <anonymous class>.<anonymous method>(file:///C:/Users/pablo/AppData/Local/Temp/anonymous6463143395882655298webdriver-profile/extensions/fxdriver@googlecode.com/components/driver-component.js:10280)
at <anonymous class>.<anonymous method>(file:///C:/Users/pablo/AppData/Local/Temp/anonymous6463143395882655298webdriver-profile/extensions/fxdriver@googlecode.com/components/command-processor.js:12274)
at <anonymous class>.<anonymous method>(file:///C:/Users/pablo/AppData/Local/Temp/anonymous6463143395882655298webdriver-profile/extensions/fxdriver@googlecode.com/components/command-processor.js:12279)
at <anonymous class>.<anonymous method>(file:///C:/Users/pablo/AppData/Local/Temp/anonymous6463143395882655298webdriver-profile/extensions/fxdriver@googlecode.com/components/command-processor.js:12221)
... Removed 39 stack frames]]>
    </failure>
  </testcase> <!-- searSeleniumInGoogle -->
  <testcase name="ferstTest" time="0.001" classname="InitialTest"/>
  <testcase name="test" time="0.0" classname="InitialTest"/>
  <testcase name="test" time="0.0" classname="InitialTest"/>
  <testcase name="loginTest" time="0.083" classname="LoginWordPressTest">
    <failure type="org.openqa.selenium.NoSuchElementException" message="Unable to locate element: {&amp;quot;method&amp;quot;:&amp;quot;id&amp;quot;,&amp;quot;selector&amp;quot;:&amp;quot;usernameOrEmail&amp;quot;}
Command duration or timeout: 47 milliseconds
For documentation on this error, please visit: http://seleniumhq.org/exceptions/no_such_element.html
Build info: version: &amp;apos;2.45.0&amp;apos;, revision: &amp;apos;5017cb8e7ca8e37638dc3091b2440b90a1d8686f&amp;apos;, time: &amp;apos;2015-02-27 09:10:26&amp;apos;
System info: host: &amp;apos;DESKTOP-MVG6NQU&amp;apos;, ip: &amp;apos;192.168.0.9&amp;apos;, os.name: &amp;apos;Windows 10&amp;apos;, os.arch: &amp;apos;amd64&amp;apos;, os.version: &amp;apos;10.0&amp;apos;, java.version: &amp;apos;1.8.0_211&amp;apos;
Driver info: org.openqa.selenium.firefox.FirefoxDriver
Capabilities [{applicationCacheEnabled=true, rotatable=false, handlesAlerts=true, databaseEnabled=true, version=11.0, platform=WINDOWS, nativeEvents=false, acceptSslCerts=true, webStorageEnabled=true, locationContextEnabled=true, browserName=firefox, takesScreenshot=true, javascriptEnabled=true, cssSelectorsEnabled=true}]
Session ID: 5d35a22a-3a06-461e-983d-840c2ad4aedd
*** Element info: {Using=id, value=usernameOrEmail}">
      <![CDATA[org.openqa.selenium.NoSuchElementException: Unable to locate element: {"method":"id","selector":"usernameOrEmail"}
Command duration or timeout: 47 milliseconds
For documentation on this error, please visit: http://seleniumhq.org/exceptions/no_such_element.html
Build info: version: '2.45.0', revision: '5017cb8e7ca8e37638dc3091b2440b90a1d8686f', time: '2015-02-27 09:10:26'
System info: host: 'DESKTOP-MVG6NQU', ip: '192.168.0.9', os.name: 'Windows 10', os.arch: 'amd64', os.version: '10.0', java.version: '1.8.0_211'
Driver info: org.openqa.selenium.firefox.FirefoxDriver
Capabilities [{applicationCacheEnabled=true, rotatable=false, handlesAlerts=true, databaseEnabled=true, version=11.0, platform=WINDOWS, nativeEvents=false, acceptSslCerts=true, webStorageEnabled=true, locationContextEnabled=true, browserName=firefox, takesScreenshot=true, javascriptEnabled=true, cssSelectorsEnabled=true}]
Session ID: 5d35a22a-3a06-461e-983d-840c2ad4aedd
*** Element info: {Using=id, value=usernameOrEmail}
at org.openqa.selenium.remote.ErrorHandler.createThrowable(ErrorHandler.java:204)
at org.openqa.selenium.remote.ErrorHandler.throwIfResponseFailed(ErrorHandler.java:156)
at org.openqa.selenium.remote.RemoteWebDriver.execute(RemoteWebDriver.java:599)
at org.openqa.selenium.remote.RemoteWebDriver.findElement(RemoteWebDriver.java:352)
at org.openqa.selenium.remote.RemoteWebDriver.findElementById(RemoteWebDriver.java:393)
at org.openqa.selenium.By$ById.findElement(By.java:214)
at org.openqa.selenium.remote.RemoteWebDriver.findElement(RemoteWebDriver.java:344)
at org.openqa.selenium.support.pagefactory.DefaultElementLocator.findElement(DefaultElementLocator.java:59)
at org.openqa.selenium.support.pagefactory.internal.LocatingElementHandler.invoke(LocatingElementHandler.java:37)
at com.sun.proxy.$Proxy9.sendKeys(Unknown Source)
at WordPressLoginPage.loginUser(WordPressLoginPage.java:15)
at LoginWordPressTest.loginTest(LoginWordPressTest.java:22)
Caused by: org.openqa.selenium.NoSuchElementException: Unable to locate element: {"method":"id","selector":"usernameOrEmail"}
For documentation on this error, please visit: http://seleniumhq.org/exceptions/no_such_element.html
Build info: version: '2.45.0', revision: '5017cb8e7ca8e37638dc3091b2440b90a1d8686f', time: '2015-02-27 09:10:26'
System info: host: 'DESKTOP-MVG6NQU', ip: '192.168.0.9', os.name: 'Windows 10', os.arch: 'amd64', os.version: '10.0', java.version: '1.8.0_211'
Driver info: driver.version: unknown
at <anonymous class>.<anonymous method>(file:///C:/Users/pablo/AppData/Local/Temp/anonymous1193705146046577593webdriver-profile/extensions/fxdriver@googlecode.com/components/driver-component.js:10271)
at <anonymous class>.<anonymous method>(file:///C:/Users/pablo/AppData/Local/Temp/anonymous1193705146046577593webdriver-profile/extensions/fxdriver@googlecode.com/components/driver-component.js:10280)
at <anonymous class>.<anonymous method>(file:///C:/Users/pablo/AppData/Local/Temp/anonymous1193705146046577593webdriver-profile/extensions/fxdriver@googlecode.com/components/command-processor.js:12274)
at <anonymous class>.<anonymous method>(file:///C:/Users/pablo/AppData/Local/Temp/anonymous1193705146046577593webdriver-profile/extensions/fxdriver@googlecode.com/components/command-processor.js:12279)
at <anonymous class>.<anonymous method>(file:///C:/Users/pablo/AppData/Local/Temp/anonymous1193705146046577593webdriver-profile/extensions/fxdriver@googlecode.com/components/command-processor.js:12221)
... Removed 39 stack frames]]>
    </failure>
  </testcase> <!-- loginTest -->
</testsuite>
